<?xml version="1.0" encoding="UTF-8"?>
<testng-results skipped="0" failed="0" ignored="0" total="0" passed="0">
  <reporter-output>
  </reporter-output>
  <suite name="Surefire suite" duration-ms="1530" started-at="2020-12-25T20:12:14 CET" finished-at="2020-12-25T20:12:15 CET">
    <groups>
    </groups>
    <test name="Surefire test" duration-ms="1530" started-at="2020-12-25T20:12:14 CET" finished-at="2020-12-25T20:12:15 CET">
    </test> <!-- Surefire test -->
  </suite> <!-- Surefire suite -->
</testng-results>
